[debug] [2025-07-02T12:58:37.389Z] ----------------------------------------------------------------------
[debug] [2025-07-02T12:58:37.392Z] Command:       C:\Program Files\nodejs\node.exe C:\Users\aadit\AppData\Roaming\npm\node_modules\firebase-tools\lib\bin\firebase.js init
[debug] [2025-07-02T12:58:37.392Z] CLI Version:   14.9.0
[debug] [2025-07-02T12:58:37.392Z] Platform:      win32
[debug] [2025-07-02T12:58:37.392Z] Node Version:  v22.16.0
[debug] [2025-07-02T12:58:37.393Z] Time:          Wed Jul 02 2025 18:28:37 GMT+0530 (India Standard Time)
[debug] [2025-07-02T12:58:37.393Z] ----------------------------------------------------------------------
[debug] 
[debug] [2025-07-02T12:58:37.399Z] > command requires scopes: ["email","openid","https://www.googleapis.com/auth/cloudplatformprojects.readonly","https://www.googleapis.com/auth/firebase","https://www.googleapis.com/auth/cloud-platform"]
[debug] [2025-07-02T12:58:37.400Z] > authorizing via signed-in user (aaditjha8657@gmail.com)
[info] 
     ######## #### ########  ######## ########     ###     ######  ########
     ##        ##  ##     ## ##       ##     ##  ##   ##  ##       ##
     ######    ##  ########  ######   ########  #########  ######  ######
     ##        ##  ##    ##  ##       ##     ## ##     ##       ## ##
     ##       #### ##     ## ######## ########  ##     ##  ######  ########

You're about to initialize a Firebase project in this directory:

  C:\Users\aadit\OneDrive\Desktop\EQUITYELITE\FRONTEND

[debug] [2025-07-02T12:58:48.922Z] ExitPromptError: User force closed the prompt with SIGINT
    at Interface.sigint (C:\Users\aadit\AppData\Roaming\npm\node_modules\firebase-tools\node_modules\@inquirer\core\dist\commonjs\lib\create-prompt.js:101:37)
    at Interface.emit (node:events:518:28)
    at Interface.emit (node:domain:489:12)
    at [_ttyWrite] [as _ttyWrite] (node:internal/readline/interface:1128:18)
    at ReadStream.onkeypress (node:internal/readline/interface:267:20)
    at ReadStream.emit (node:events:530:35)
    at ReadStream.emit (node:domain:489:12)
    at emitKeys (node:internal/readline/utils:370:14)
    at emitKeys.next (<anonymous>)
    at ReadStream.onData (node:internal/readline/emitKeypressEvents:64:36)
[error] 
[error] Error: An unexpected error has occurred.
